<?xml version="1.0" encoding="UTF-8"?>
<!-- Generated by org.testng.reporters.JUnitReportReporter -->
<testsuite skipped="0" hostname="DESKTOP-13GBCG0" name="com.project2.TestRunner" tests="2" failures="0" timestamp="2022-07-04T11:08:57 EDT" time="10.633" errors="0">
  <testcase name="runScenario" time="3.382" classname="com.project2.TestRunner"/>
  <system-out/>
  <testcase name="feature" time="7.251" classname="com.project2.TestRunner"/>
  <system-out/>
</testsuite> <!-- com.project2.TestRunner -->
