<?xml version="1.0" encoding="UTF-8"?>
<!-- Generated by org.testng.reporters.JUnitReportReporter -->
<testsuite skipped="0" hostname="OT" name="com.project2.TestRunner" tests="6" failures="0" timestamp="2022-07-06T15:39:34 EDT" time="55.277" errors="0">
  <testcase name="runScenario" time="10.583" classname="com.project2.TestRunner"/>
  <system-out/>
  <testcase name="feature" time="9.451" classname="com.project2.TestRunner"/>
  <system-out/>
  <testcase name="feature" time="9.369" classname="com.project2.TestRunner"/>
  <system-out/>
  <testcase name="feature" time="9.870" classname="com.project2.TestRunner"/>
  <system-out/>
  <testcase name="runScenario" time="6.744" classname="com.project2.TestRunner"/>
  <system-out/>
  <testcase name="runScenario" time="9.260" classname="com.project2.TestRunner"/>
  <system-out/>
</testsuite> <!-- com.project2.TestRunner -->
