<?xml version="1.0" encoding="UTF-8"?>
<!-- Generated by org.testng.reporters.JUnitReportReporter -->
<testsuite skipped="0" hostname="DESKTOP-18ME1BO" name="com.project2.SearchBookTest" tests="2" failures="0" timestamp="2022-07-06T13:20:35 EDT" time="0.964" errors="0">
  <testcase name="testBookDaoSearchPositive" time="0.036" classname="com.project2.SearchBookTest"/>
  <system-out/>
  <testcase name="testBookDaoSearchNegative" time="0.928" classname="com.project2.SearchBookTest"/>
  <system-out/>
</testsuite> <!-- com.project2.SearchBookTest -->
