<?xml version="1.0" encoding="UTF-8"?>
<!-- Generated by org.testng.reporters.JUnitReportReporter -->
<testsuite skipped="0" hostname="OT" name="com.project2.TestRunner" tests="3" failures="0" timestamp="2022-07-06T17:06:28 EDT" time="30.610" errors="0">
  <testcase name="runScenario" time="10.241" classname="com.project2.TestRunner"/>
  <system-out/>
  <testcase name="runScenario" time="10.040" classname="com.project2.TestRunner"/>
  <system-out/>
  <testcase name="runScenario" time="10.329" classname="com.project2.TestRunner"/>
  <system-out/>
</testsuite> <!-- com.project2.TestRunner -->
