<?xml version="1.0" encoding="UTF-8"?>
<!-- Generated by org.testng.reporters.JUnitReportReporter -->
<testsuite skipped="0" hostname="OT" name="com.project2.TestRunner" tests="6" failures="0" timestamp="2022-07-05T01:03:20 EDT" time="53.984" errors="0">
  <testcase name="feature" time="10.283" classname="com.project2.TestRunner"/>
  <system-out/>
  <testcase name="runScenario" time="6.906" classname="com.project2.TestRunner"/>
  <system-out/>
  <testcase name="feature" time="8.161" classname="com.project2.TestRunner"/>
  <system-out/>
  <testcase name="feature" time="9.427" classname="com.project2.TestRunner"/>
  <system-out/>
  <testcase name="runScenario" time="10.013" classname="com.project2.TestRunner"/>
  <system-out/>
  <testcase name="runScenario" time="9.194" classname="com.project2.TestRunner"/>
  <system-out/>
</testsuite> <!-- com.project2.TestRunner -->
