<?xml version="1.0" encoding="UTF-8"?>
<!-- Generated by org.testng.reporters.JUnitReportReporter -->
<testsuite skipped="0" hostname="OT" name="com.project2.service.UserServiceTest" tests="3" failures="0" timestamp="2022-07-05T17:21:45 EDT" time="0.004" errors="0">
  <testcase name="testGetAllUser" time="0.000" classname="com.project2.service.UserServiceTest"/>
  <system-out/>
  <testcase name="testAddUser" time="0.004" classname="com.project2.service.UserServiceTest"/>
  <system-out/>
  <testcase name="testGetItem" time="0.000" classname="com.project2.service.UserServiceTest"/>
  <system-out/>
</testsuite> <!-- com.project2.service.UserServiceTest -->
