<?xml version="1.0" encoding="UTF-8"?>
<!-- Generated by org.testng.reporters.JUnitReportReporter -->
<testsuite skipped="0" hostname="TheToilet-PC" name="com.project2.TestRunner" tests="2" failures="0" timestamp="2022-07-04T19:04:28 EDT" time="8.857" errors="0">
  <testcase name="runScenario" time="3.280" classname="com.project2.TestRunner"/>
  <system-out/>
  <testcase name="feature" time="5.577" classname="com.project2.TestRunner"/>
  <system-out/>
</testsuite> <!-- com.project2.TestRunner -->
