<?xml version="1.0" encoding="UTF-8"?>
<!-- Generated by org.testng.reporters.JUnitReportReporter -->
<testsuite skipped="0" hostname="DESKTOP-13GBCG0" name="com.project2.BasicTest" tests="1" failures="0" timestamp="2022-07-03T13:18:11 EDT" time="0.010" errors="0">
  <testcase name="testBasicTest" time="0.010" classname="com.project2.BasicTest"/>
  <system-out/>
</testsuite> <!-- com.project2.BasicTest -->
