<?xml version="1.0" encoding="UTF-8"?>
<!-- Generated by org.testng.reporters.JUnitReportReporter -->
<testsuite skipped="0" hostname="TheToilet-PC" name="com.project2.TestRunner" tests="6" failures="0" timestamp="2022-07-05T09:59:50 EDT" time="52.467" errors="0">
  <testcase name="feature" time="9.698" classname="com.project2.TestRunner"/>
  <system-out/>
  <testcase name="feature" time="8.372" classname="com.project2.TestRunner"/>
  <system-out/>
  <testcase name="runScenario" time="6.218" classname="com.project2.TestRunner"/>
  <system-out/>
  <testcase name="feature" time="9.526" classname="com.project2.TestRunner"/>
  <system-out/>
  <testcase name="runScenario" time="9.413" classname="com.project2.TestRunner"/>
  <system-out/>
  <testcase name="runScenario" time="9.240" classname="com.project2.TestRunner"/>
  <system-out/>
</testsuite> <!-- com.project2.TestRunner -->
