<?xml version="1.0" encoding="UTF-8"?>
<!-- Generated by org.testng.reporters.JUnitReportReporter -->
<testsuite skipped="0" hostname="OT" name="com.project2.TestRunner" tests="3" failures="0" timestamp="2022-07-06T17:37:12 EDT" time="27.696" errors="0">
  <testcase name="runScenario" time="9.186" classname="com.project2.TestRunner"/>
  <system-out/>
  <testcase name="runScenario" time="9.783" classname="com.project2.TestRunner"/>
  <system-out/>
  <testcase name="runScenario" time="8.727" classname="com.project2.TestRunner"/>
  <system-out/>
</testsuite> <!-- com.project2.TestRunner -->
