<?xml version="1.0" encoding="UTF-8"?>
<!-- Generated by org.testng.reporters.JUnitReportReporter -->
<testsuite skipped="0" hostname="OT" name="com.project2.TestRunner" tests="6" failures="0" timestamp="2022-07-06T15:03:01 EDT" time="54.213" errors="0">
  <testcase name="runScenario" time="9.904" classname="com.project2.TestRunner"/>
  <system-out/>
  <testcase name="feature" time="9.205" classname="com.project2.TestRunner"/>
  <system-out/>
  <testcase name="runScenario" time="6.891" classname="com.project2.TestRunner"/>
  <system-out/>
  <testcase name="feature" time="9.491" classname="com.project2.TestRunner"/>
  <system-out/>
  <testcase name="runScenario" time="9.240" classname="com.project2.TestRunner"/>
  <system-out/>
  <testcase name="feature" time="9.482" classname="com.project2.TestRunner"/>
  <system-out/>
</testsuite> <!-- com.project2.TestRunner -->
