<?xml version="1.0" encoding="UTF-8"?>
<!-- Generated by org.testng.reporters.JUnitReportReporter -->
<<<<<<< HEAD
<testsuite skipped="0" hostname="TheToilet-PC" name="com.project2.TestRunner" tests="4" failures="0" timestamp="2022-07-05T00:27:03 EDT" time="25.762" errors="0">
  <testcase name="feature" time="7.360" classname="com.project2.TestRunner"/>
  <system-out/>
  <testcase name="runScenario" time="7.319" classname="com.project2.TestRunner"/>
  <system-out/>
  <testcase name="feature" time="6.634" classname="com.project2.TestRunner"/>
  <system-out/>
  <testcase name="runScenario" time="4.449" classname="com.project2.TestRunner"/>
=======
<testsuite skipped="0" hostname="OT" name="com.project2.TestRunner" tests="6" failures="0" timestamp="2022-07-05T01:03:20 EDT" time="53.984" errors="0">
  <testcase name="feature" time="10.283" classname="com.project2.TestRunner"/>
  <system-out/>
  <testcase name="runScenario" time="6.906" classname="com.project2.TestRunner"/>
  <system-out/>
  <testcase name="feature" time="8.161" classname="com.project2.TestRunner"/>
  <system-out/>
  <testcase name="feature" time="9.427" classname="com.project2.TestRunner"/>
  <system-out/>
  <testcase name="runScenario" time="10.013" classname="com.project2.TestRunner"/>
  <system-out/>
  <testcase name="runScenario" time="9.194" classname="com.project2.TestRunner"/>
>>>>>>> 307fe9e041989d646089bd64a99ed67e24a8273d
  <system-out/>
</testsuite> <!-- com.project2.TestRunner -->
