<?xml version="1.0" encoding="UTF-8"?>
<!-- Generated by org.testng.reporters.JUnitReportReporter -->
<testsuite skipped="0" hostname="OT" name="com.project2.RegisterUserTest" tests="2" failures="0" timestamp="2022-07-05T17:28:08 EDT" time="0.771" errors="0">
  <testcase name="testUserDaoInsertPositive" time="0.048" classname="com.project2.RegisterUserTest"/>
  <system-out/>
  <testcase name="testUserDaoInsertNegative" time="0.723" classname="com.project2.RegisterUserTest"/>
  <system-out/>
</testsuite> <!-- com.project2.RegisterUserTest -->
