<?xml version="1.0" encoding="UTF-8"?>
<!-- Generated by org.testng.reporters.JUnitReportReporter -->
<testsuite skipped="0" hostname="TheToilet-PC" name="com.project2.TestRunner" tests="4" failures="0" timestamp="2022-07-05T00:27:03 EDT" time="25.762" errors="0">
  <testcase name="feature" time="7.360" classname="com.project2.TestRunner"/>
  <system-out/>
  <testcase name="runScenario" time="7.319" classname="com.project2.TestRunner"/>
  <system-out/>
  <testcase name="feature" time="6.634" classname="com.project2.TestRunner"/>
  <system-out/>
  <testcase name="runScenario" time="4.449" classname="com.project2.TestRunner"/>
  <system-out/>
</testsuite> <!-- com.project2.TestRunner -->
