<?xml version="1.0" encoding="UTF-8"?>
<!-- Generated by org.testng.reporters.JUnitReportReporter -->
<testsuite skipped="0" hostname="OT" name="com.project2.AppTest" tests="7" failures="0" timestamp="2022-07-06T15:19:43 EDT" time="1.102" errors="0">
  <testcase name="testBookDaoSearchPositive" time="0.029" classname="com.project2.AppTest"/>
  <system-out/>
  <testcase name="testUserDaoInsertPositive" time="0.050" classname="com.project2.AppTest"/>
  <system-out/>
  <testcase name="testUserDaoInsertNegative" time="0.063" classname="com.project2.AppTest"/>
  <system-out/>
  <testcase name="testUserDaoLoginNegativeUsername" time="0.022" classname="com.project2.AppTest"/>
  <system-out/>
  <testcase name="testBookDaoSearchNegative" time="0.893" classname="com.project2.AppTest"/>
  <system-out/>
  <testcase name="testUserDaoLoginPositive" time="0.022" classname="com.project2.AppTest"/>
  <system-out/>
  <testcase name="testUserDaoLoginNegativePassword" time="0.023" classname="com.project2.AppTest"/>
  <system-out/>
</testsuite> <!-- com.project2.AppTest -->
