<?xml version="1.0" encoding="UTF-8"?>
<!-- Generated by org.testng.reporters.JUnitReportReporter -->
<testsuite skipped="0" hostname="TheToilet-PC" name="com.project2.TestRunner" tests="4" failures="0" timestamp="2022-07-05T00:11:10 EDT" time="26.123" errors="0">
  <testcase name="runScenario" time="4.289" classname="com.project2.TestRunner"/>
  <system-out/>
  <testcase name="runScenario" time="7.386" classname="com.project2.TestRunner"/>
  <system-out/>
  <testcase name="feature" time="7.047" classname="com.project2.TestRunner"/>
  <system-out/>
  <testcase name="feature" time="7.401" classname="com.project2.TestRunner"/>
  <system-out/>
</testsuite> <!-- com.project2.TestRunner -->
