<?xml version="1.0" encoding="UTF-8"?>
<!-- Generated by org.testng.reporters.JUnitReportReporter -->
<testsuite skipped="0" hostname="TheToilet-PC" name="com.project2.TestRunner" tests="2" failures="0" timestamp="2022-07-04T20:44:39 EDT" time="9.056" errors="0">
  <testcase name="feature" time="5.891" classname="com.project2.TestRunner"/>
  <system-out/>
  <testcase name="runScenario" time="3.165" classname="com.project2.TestRunner"/>
  <system-out/>
</testsuite> <!-- com.project2.TestRunner -->
